AD_RPRT_RETIRED.BAS                       DATES ARE OUT OF ORDER

AP_FORM_1099.BAS                          DATES ARE OUT OF ORDER

AP_FORM_CDJCHK.BAS                        DATES ARE OUT OF ORDER

AP_FORM_CDJCHK.BAS                        DATES ARE OUT OF ORDER

AP_SPEC_1099_CREATE.BAS                   DATES ARE OUT OF ORDER

AP_SPEC_1099_CREATE.BAS                   DATES ARE OUT OF ORDER

AR_CLOS_CLOSE.BAS                         DATES ARE OUT OF ORDER

AR_CLOS_CLOSE.BAS                         DATES ARE OUT OF ORDER

AR_CLOS_CLOSE.BAS                         DATES ARE OUT OF ORDER

AR_CONV_CONVERT.BAS                       DATES ARE OUT OF ORDER

AR_FUNC_AGE.BAS                           DATES ARE OUT OF ORDER

AR_FUNC_AGE.BAS                           DATES ARE OUT OF ORDER

AR_JOUR_SJ.BAS                            DATES ARE OUT OF ORDER

AR_JOUR_SJ.BAS                            DATES ARE OUT OF ORDER

AR_MAIN_CRJ_LINE.BAS                      DATES ARE OUT OF ORDER

AR_MAIN_SJ_LINE.BAS                       DATES ARE OUT OF ORDER

AR_RPRT_AGE_DETAIL.BAS                    DATES ARE OUT OF ORDER

AR_RPRT_AGE_DETAIL.BAS                    DATES ARE OUT OF ORDER

AR_RPRT_AGE_DETAIL.BAS                    DATES ARE OUT OF ORDER

AR_RPRT_HISTORY.BAS                       DATES ARE OUT OF ORDER

AR_RPRT_LEDGER.BAS                        DATES ARE OUT OF ORDER

BA_MAIN_BILTBL.BAS                        DATES ARE OUT OF ORDER

BA_MAIN_JOURNAL.BAS                       DATES ARE OUT OF ORDER

BA_RPRT_JOURNAL.BAS                       DATES ARE OUT OF ORDER

BC_JOUR_BILL.BAS                          DATES ARE OUT OF ORDER

BC_MAIN_BILL_LINE.BAS                     DATES ARE OUT OF ORDER

BM_RPRT_INDENTED.BAS                      DATES ARE OUT OF ORDER

BM_RPRT_LOWCOST.BAS                       DATES ARE OUT OF ORDER

BM_RPRT_LOWCOST.BAS                       DATES ARE OUT OF ORDER

BM_RPRT_ZEROLABOR.BAS                     DATES ARE OUT OF ORDER

BM_RPRT_ZEROLABOR.BAS                     DATES ARE OUT OF ORDER

BT_MAIN_JOURNAL.BAS                       DATES ARE OUT OF ORDER

BT_MAIN_TUITION.BAS                       DATES ARE OUT OF ORDER

COMP_ARRAY.BAS                            DATES ARE OUT OF ORDER

ENTR_3STRINGLIST.BAS                      DATES ARE OUT OF ORDER

ENTR_3YESNO.BAS                           DATES ARE OUT OF ORDER

MAIN_JOURNAL.BAS                          DATES ARE OUT OF ORDER

MAIN_JOURNAL.BAS                          DATES ARE OUT OF ORDER

MENU_3INTERRUPT.BAS                       DATES ARE OUT OF ORDER

MENU_3INTERRUPT.BAS                       DATES ARE OUT OF ORDER

MENU_3INTERRUPT.BAS                       DATES ARE OUT OF ORDER

MENU_3INTERRUPT.BAS                       DATES ARE OUT OF ORDER

MENU_3INTERRUPT.BAS                       DATES ARE OUT OF ORDER

ENTR_3ENTRYSTRING.C                       DATES ARE OUT OF ORDER

ENTR_4ENTRY.C                             DATES ARE OUT OF ORDER

ENTR_4ENTRY.C                             DATES ARE OUT OF ORDER

ENTR_4ENTRY.C                             DATES ARE OUT OF ORDER

ENTR_4ENTRY.C                             DATES ARE OUT OF ORDER

ENTR_4ENTRY.C                             DATES ARE OUT OF ORDER

ENTR_4ENTRY.C                             DATES ARE OUT OF ORDER

ENTR_4ENTRY.C                             DATES ARE OUT OF ORDER

ENTR_4ENTRY.C                             DATES ARE OUT OF ORDER

ENTR_4ENTRY.C                             DATES ARE OUT OF ORDER

ENTR_4ENTRY.C                             DATES ARE OUT OF ORDER

ENTR_4ENTRY.C                             DATES ARE OUT OF ORDER

ENTR_4ENTRY.C                             DATES ARE OUT OF ORDER

ENTR_4ENTRY.C                             DATES ARE OUT OF ORDER

PRNT_DATE.C                               DATES ARE OUT OF ORDER

WRIT_STRING.C                             DATES ARE OUT OF ORDER

GL_CLOS_RESET.BAS                         DATES ARE OUT OF ORDER

GL_RPRT_AUDT02.BAS                        DATES ARE OUT OF ORDER

GL_TRAN_POSTGL.BAS                        DATES ARE OUT OF ORDER

IC_JOUR_JOURNAL.BAS                       DATES ARE OUT OF ORDER

IC_OUTP_LEDGER.BAS                        DATES ARE OUT OF ORDER

IC_RPRT_LEDGERSUM.BAS                     DATES ARE OUT OF ORDER

IC_RPRT_OPPOSITEBAL.BAS                   DATES ARE OUT OF ORDER

IC_SPEC_PERCONCOUNT.BAS                   DATES ARE OUT OF ORDER

IC_SPEC_PRICECHANGE.BAS                   DATES ARE OUT OF ORDER

JC_RPRT_SUMMBUD.BAS                       DATES ARE OUT OF ORDER

MO_MAIN_MAKE.BAS                          DATES ARE OUT OF ORDER

MO_MAIN_MODEL.BAS                         DATES ARE OUT OF ORDER

MO_MAST_REGISTER.BAS                      DATES ARE OUT OF ORDER

OE_READ_PROMO.BAS                         DATES ARE OUT OF ORDER

OE_READ_PROMO.BAS                         DATES ARE OUT OF ORDER

OE_RPRT_REGPROD.BAS                       DATES ARE OUT OF ORDER

OE_RPRT_SALQTY.BAS                        DATES ARE OUT OF ORDER

PC_MAIN_PRICE.BAS                         DATES ARE OUT OF ORDER

PO_RPRT_CATEGORY.BAS                      DATES ARE OUT OF ORDER

PO_SPEC_PURGE.BAS                         DATES ARE OUT OF ORDER

PR_CLOS_PR_REVERS.BAS                     DATES ARE OUT OF ORDER

PR_CLOS_PR_REVERS.BAS                     DATES ARE OUT OF ORDER

PR_CLOS_PR_REVERS.BAS                     DATES ARE OUT OF ORDER

PR_CLOS_PR_REVERS.BAS                     DATES ARE OUT OF ORDER

PR_CLOS_PR_REVERS.BAS                     DATES ARE OUT OF ORDER

PR_CLOS_PR_REVERS.BAS                     DATES ARE OUT OF ORDER

PR_CLOS_PR_REVERS.BAS                     DATES ARE OUT OF ORDER

PR_CLOS_PR_REVERS.BAS                     DATES ARE OUT OF ORDER

PR_CLOS_PR_UPDATE.BAS                     DATES ARE OUT OF ORDER

PR_CLOS_PR_UPDATE.BAS                     DATES ARE OUT OF ORDER

PR_CLOS_PR_UPDATE.BAS                     DATES ARE OUT OF ORDER

PR_CLOS_PR_UPDATE.BAS                     DATES ARE OUT OF ORDER

PR_CLOS_PR_UPDATE.BAS                     DATES ARE OUT OF ORDER

PR_CLOS_PR_UPDATE.BAS                     DATES ARE OUT OF ORDER

PR_CLOS_PR_UPDATE.BAS                     DATES ARE OUT OF ORDER

PR_CLOS_PR_UPDATE.BAS                     DATES ARE OUT OF ORDER

PR_CLOS_PR_UPDATE.BAS                     DATES ARE OUT OF ORDER

PR_CLOS_UPDATE_QTR.BAS                    DATES ARE OUT OF ORDER

PR_CLOS_UPDATE_QTR.BAS                    DATES ARE OUT OF ORDER

PR_CLOS_UPDATE_QTR.BAS                    DATES ARE OUT OF ORDER

PR_CLOS_UPDATE_QTR.BAS                    DATES ARE OUT OF ORDER

PR_CLOS_UPDATE_QTR.BAS                    DATES ARE OUT OF ORDER

PR_CLOS_UPDATE_QTR.BAS                    DATES ARE OUT OF ORDER

PR_CLOS_UPDATE_QTR.BAS                    DATES ARE OUT OF ORDER

PR_CLOS_UPDATE_QTR.BAS                    DATES ARE OUT OF ORDER

PR_CLOS_UPDATE_QTR.BAS                    DATES ARE OUT OF ORDER

PR_CLOS_UPDATE_QTR.BAS                    DATES ARE OUT OF ORDER

PR_CLOS_UPDATE_QTRNZ.BAS                  DATES ARE OUT OF ORDER

PR_CLOS_UPDATE_QTRNZ.BAS                  DATES ARE OUT OF ORDER

PR_CLOS_UPDATE_QTRNZ.BAS                  DATES ARE OUT OF ORDER

PR_CLOS_UPDATE_QTRNZ.BAS                  DATES ARE OUT OF ORDER

PR_CLOS_UPDATE_QTRNZ.BAS                  DATES ARE OUT OF ORDER

PR_CLOS_UPDATE_QTRNZ.BAS                  DATES ARE OUT OF ORDER

PR_CLOS_UPDATE_QTRNZ.BAS                  DATES ARE OUT OF ORDER

PR_CLOS_UPDATE_QTRNZ.BAS                  DATES ARE OUT OF ORDER

PR_CLOS_UPDATE_QTRNZ.BAS                  DATES ARE OUT OF ORDER

PR_CLOS_UPDATE_QTRNZ.BAS                  DATES ARE OUT OF ORDER

PR_CLOS_UPDATE_QTRNZ.BAS                  DATES ARE OUT OF ORDER

PR_CLOS_UPDATE_QTRNZ.BAS                  DATES ARE OUT OF ORDER

PR_CLOS_UPDATE_QTRNZ.BAS                  DATES ARE OUT OF ORDER

PR_FORM_W2.BAS                            DATES ARE OUT OF ORDER

PR_FUNC_READTAXES.BAS                     DATES ARE OUT OF ORDER

PR_JOUR_HISTORY.BAS                       DATES ARE OUT OF ORDER

PR_MAIN_EMPLOYEE.BAS                      DATES ARE OUT OF ORDER

PR_MAIN_EMP_ACCRUAL.BAS                   DATES ARE OUT OF ORDER

PR_MAIN_HISTORY_EMP_QUERY.BAS             DATES ARE OUT OF ORDER

PR_MAIN_HISTORY_EMP_QUERY.BAS             DATES ARE OUT OF ORDER

PR_MAIN_HIS_CHECK.BAS                     DATES ARE OUT OF ORDER

PR_MAIN_HIS_CHECK.BAS                     DATES ARE OUT OF ORDER

PR_MAIN_OVERHEAD_DESC.BAS                 DATES ARE OUT OF ORDER

PR_MAIN_TAX_TABLE.BAS                     DATES ARE OUT OF ORDER

PR_MAIN_TAX_TABLE.BAS                     DATES ARE OUT OF ORDER

PR_MAIN_TAX_TABLE.BAS                     DATES ARE OUT OF ORDER

PR_MAIN_TRN_TK02_DED.BAS                  DATES ARE OUT OF ORDER

PR_MAIN_TRN_TK02_DED.BAS                  DATES ARE OUT OF ORDER

PR_MAIN_UNPN_DESC.BAS                     DATES ARE OUT OF ORDER

PR_POST_ACCRUALADJUST.BAS                 DATES ARE OUT OF ORDER

PR_POST_ACCRUALADJUST.BAS                 DATES ARE OUT OF ORDER

PR_POST_EMPACCRUAL_REVERSE.BAS            DATES ARE OUT OF ORDER

PR_POST_FINAL.BAS                         DATES ARE OUT OF ORDER

PR_READ_BURDEN.BAS                        DATES ARE OUT OF ORDER

PR_READ_SUBJTAX.BAS                       DATES ARE OUT OF ORDER

PR_RPRT_AUDT_JWOD.BAS                     DATES ARE OUT OF ORDER

PR_RPRT_TRN_TAX.BAS                       DATES ARE OUT OF ORDER

PR_RPRT_TRN_TAX.BAS                       DATES ARE OUT OF ORDER

PR_RPRT_WC_SUMMARY.BAS                    DATES ARE OUT OF ORDER

PR_RPRT_WC_SUMMARY.BAS                    DATES ARE OUT OF ORDER

PR_RPRT_WC_SUMMARY.BAS                    DATES ARE OUT OF ORDER

PR_RPRT_WC_SUMMARY.BAS                    DATES ARE OUT OF ORDER

PR_SPEC_CALCULATE.BAS                     DATES ARE OUT OF ORDER

PR_SPEC_CALCULATE.BAS                     DATES ARE OUT OF ORDER

PR_SPEC_CALCULATE.BAS                     DATES ARE OUT OF ORDER

PR_SPEC_CALCULATE.BAS                     DATES ARE OUT OF ORDER

PS_MAIN_CASHINOUT.BAS                     DATES ARE OUT OF ORDER

PS_MAIN_CASHINOUT.BAS                     DATES ARE OUT OF ORDER

PS_MAIN_CASHREG.BAS                       DATES ARE OUT OF ORDER

PS_MAIN_TICKETJOUR.BAS                    DATES ARE OUT OF ORDER

PS_MAIN_TICKETLINE.BAS                    DATES ARE OUT OF ORDER

PS_MAST_TICKETJOUR_01.BAS                 DATES ARE OUT OF ORDER

PS_POST_TICKET.BAS                        DATES ARE OUT OF ORDER

PS_POST_TICKET.BAS                        DATES ARE OUT OF ORDER

SA_MAIN_SALESMAN.BAS                      DATES ARE OUT OF ORDER

SA_RPRT_PRDVOLUME.BAS                     DATES ARE OUT OF ORDER

SA_RPRT_SALPRODVOLUME.BAS                 DATES ARE OUT OF ORDER

SB_TRAN_POST.BAS                          DATES ARE OUT OF ORDER

TK_DOCU_SCREEN.BAS                        DATES ARE OUT OF ORDER

TK_DOCU_SCREEN.BAS                        DATES ARE OUT OF ORDER

UTL_MAIN_DEVICE.BAS                       DATES ARE OUT OF ORDER

UTL_MENU.BAS                              DATES ARE OUT OF ORDER

UTL_MENU.BAS                              DATES ARE OUT OF ORDER

UTL_MENU.BAS                              DATES ARE OUT OF ORDER

UTL_MENU.BAS                              DATES ARE OUT OF ORDER

WP_MAST_CLOSEJOUR.BAS                     DATES ARE OUT OF ORDER

WP_WRIT_VARIANCE.BAS                      DATES ARE OUT OF ORDER

